frappe-bench-workers:frappe-bench-frappe-default-worker-0   RUNNING   pid 1963125, uptime 3 days, 17:45:52
frappe-bench-workers:frappe-bench-frappe-long-worker-0      RUNNING   pid 1963119, uptime 3 days, 17:45:53
frappe-bench-workers:frappe-bench-frappe-schedule           RUNNING   pid 1962906, uptime 3 days, 17:47:08
frappe-bench-workers:frappe-bench-frappe-short-worker-0     RUNNING   pid 1963113, uptime 3 days, 17:45:54
frappe-bench-redis:frappe-bench-redis-cache                 RUNNING   pid 1963134, uptime 3 days, 17:47:46
frappe-bench-redis:frappe-bench-redis-queue                 RUNNING   pid 1963135, uptime 3 days, 17:47:46
frappe-bench-redis:frappe-bench-redis-socketio              RUNNING   pid 1963136, uptime 3 days, 17:47:46
frappe-bench-web:frappe-bench-frappe-web                    RUNNING   pid 1962930, uptime 3 days, 17:49:07
frappe-bench-web:frappe-bench-node-socketio                 RUNNING   pid 1963137, uptime 3 days, 17:47:46
frappe-bench-workers:frappe-bench-frappe-default-worker-0   RUNNING   pid 1963125, uptime 3 days, 17:47:52
frappe-bench-workers:frappe-bench-frappe-long-worker-0      RUNNING   pid 1963119, uptime 3 days, 17:47:53
frappe-bench-workers:frappe-bench-frappe-schedule           RUNNING   pid 1962906, uptime 3 days, 17:49:08
frappe-bench-workers:frappe-bench-frappe-short-worker-0     RUNNING   pid 1963113, uptime 3 days, 17:47:54
frappe-bench-redis:frappe-bench-redis-cache                 RUNNING   pid 1963134, uptime 3 days, 17:49:46
frappe-bench-redis:frappe-bench-redis-queue                 RUNNING   pid 1963135, uptime 3 days, 17:49:46
frappe-bench-redis:frappe-bench-redis-socketio              RUNNING   pid 1963136, uptime 3 days, 17:49:46
frappe-bench-web:frappe-bench-frappe-web                    RUNNING   pid 1962930, uptime 3 days, 17:51:07
frappe-bench-web:frappe-bench-node-socketio                 RUNNING   pid 1963137, uptime 3 days, 17:49:46
frappe-bench-workers:frappe-bench-frappe-default-worker-0   RUNNING   pid 1963125, uptime 3 days, 17:49:52
frappe-bench-workers:frappe-bench-frappe-long-worker-0      RUNNING   pid 1963119, uptime 3 days, 17:49:53
frappe-bench-workers:frappe-bench-frappe-schedule           RUNNING   pid 1962906, uptime 3 days, 17:51:08
frappe-bench-workers:frappe-bench-frappe-short-worker-0     RUNNING   pid 1963113, uptime 3 days, 17:49:54
frappe-bench-redis:frappe-bench-redis-cache                 RUNNING   pid 1963134, uptime 3 days, 17:51:47
frappe-bench-redis:frappe-bench-redis-queue                 RUNNING   pid 1963135, uptime 3 days, 17:51:47
frappe-bench-redis:frappe-bench-redis-socketio              RUNNING   pid 1963136, uptime 3 days, 17:51:47
frappe-bench-web:frappe-bench-frappe-web                    RUNNING   pid 1962930, uptime 3 days, 17:53:08
frappe-bench-web:frappe-bench-node-socketio                 RUNNING   pid 1963137, uptime 3 days, 17:51:47
frappe-bench-workers:frappe-bench-frappe-default-worker-0   RUNNING   pid 1963125, uptime 3 days, 17:51:53
frappe-bench-workers:frappe-bench-frappe-long-worker-0      RUNNING   pid 1963119, uptime 3 days, 17:51:54
frappe-bench-workers:frappe-bench-frappe-schedule           RUNNING   pid 1962906, uptime 3 days, 17:53:09
frappe-bench-workers:frappe-bench-frappe-short-worker-0     RUNNING   pid 1963113, uptime 3 days, 17:51:55
frappe-bench-redis:frappe-bench-redis-cache                 RUNNING   pid 1963134, uptime 3 days, 17:53:46
frappe-bench-redis:frappe-bench-redis-queue                 RUNNING   pid 1963135, uptime 3 days, 17:53:46
frappe-bench-redis:frappe-bench-redis-socketio              RUNNING   pid 1963136, uptime 3 days, 17:53:46
frappe-bench-web:frappe-bench-frappe-web                    RUNNING   pid 1962930, uptime 3 days, 17:55:07
frappe-bench-web:frappe-bench-node-socketio                 RUNNING   pid 1963137, uptime 3 days, 17:53:46
frappe-bench-workers:frappe-bench-frappe-default-worker-0   RUNNING   pid 1963125, uptime 3 days, 17:53:52
frappe-bench-workers:frappe-bench-frappe-long-worker-0      RUNNING   pid 1963119, uptime 3 days, 17:53:53
frappe-bench-workers:frappe-bench-frappe-schedule           RUNNING   pid 1962906, uptime 3 days, 17:55:08
frappe-bench-workers:frappe-bench-frappe-short-worker-0     RUNNING   pid 1963113, uptime 3 days, 17:53:54
frappe-bench-redis:frappe-bench-redis-cache                 RUNNING   pid 1963134, uptime 3 days, 17:55:46
frappe-bench-redis:frappe-bench-redis-queue                 RUNNING   pid 1963135, uptime 3 days, 17:55:46
frappe-bench-redis:frappe-bench-redis-socketio              RUNNING   pid 1963136, uptime 3 days, 17:55:46
frappe-bench-web:frappe-bench-frappe-web                    RUNNING   pid 1962930, uptime 3 days, 17:57:07
frappe-bench-web:frappe-bench-node-socketio                 RUNNING   pid 1963137, uptime 3 days, 17:55:46
frappe-bench-workers:frappe-bench-frappe-default-worker-0   RUNNING   pid 1963125, uptime 3 days, 17:55:52
frappe-bench-workers:frappe-bench-frappe-long-worker-0      RUNNING   pid 1963119, uptime 3 days, 17:55:53
frappe-bench-workers:frappe-bench-frappe-schedule           RUNNING   pid 1962906, uptime 3 days, 17:57:08
frappe-bench-workers:frappe-bench-frappe-short-worker-0     RUNNING   pid 1963113, uptime 3 days, 17:55:54
frappe-bench-redis:frappe-bench-redis-cache                 RUNNING   pid 1963134, uptime 3 days, 17:57:46
frappe-bench-redis:frappe-bench-redis-queue                 RUNNING   pid 1963135, uptime 3 days, 17:57:46
frappe-bench-redis:frappe-bench-redis-socketio              RUNNING   pid 1963136, uptime 3 days, 17:57:46
frappe-bench-web:frappe-bench-frappe-web                    RUNNING   pid 1962930, uptime 3 days, 17:59:07
frappe-bench-web:frappe-bench-node-socketio                 RUNNING   pid 1963137, uptime 3 days, 17:57:46
frappe-bench-workers:frappe-bench-frappe-default-worker-0   RUNNING   pid 1963125, uptime 3 days, 17:57:52
frappe-bench-workers:frappe-bench-frappe-long-worker-0      RUNNING   pid 1963119, uptime 3 days, 17:57:53
frappe-bench-workers:frappe-bench-frappe-schedule           RUNNING   pid 1962906, uptime 3 days, 17:59:08
frappe-bench-workers:frappe-bench-frappe-short-worker-0     RUNNING   pid 1963113, uptime 3 days, 17:57:54
frappe-bench-redis:frappe-bench-redis-cache                 RUNNING   pid 1963134, uptime 3 days, 17:59:47
frappe-bench-redis:frappe-bench-redis-queue                 RUNNING   pid 1963135, uptime 3 days, 17:59:47
frappe-bench-redis:frappe-bench-redis-socketio              RUNNING   pid 1963136, uptime 3 days, 17:59:47
frappe-bench-web:frappe-bench-frappe-web                    RUNNING   pid 1962930, uptime 3 days, 18:01:08
frappe-bench-web:frappe-bench-node-socketio                 RUNNING   pid 1963137, uptime 3 days, 17:59:47
frappe-bench-workers:frappe-bench-frappe-default-worker-0   RUNNING   pid 1963125, uptime 3 days, 17:59:53
frappe-bench-workers:frappe-bench-frappe-long-worker-0      RUNNING   pid 1963119, uptime 3 days, 17:59:54
frappe-bench-workers:frappe-bench-frappe-schedule           RUNNING   pid 1962906, uptime 3 days, 18:01:09
frappe-bench-workers:frappe-bench-frappe-short-worker-0     RUNNING   pid 1963113, uptime 3 days, 17:59:55
frappe-bench-redis:frappe-bench-redis-cache                 RUNNING   pid 1963134, uptime 3 days, 18:01:46
frappe-bench-redis:frappe-bench-redis-queue                 RUNNING   pid 1963135, uptime 3 days, 18:01:46
frappe-bench-redis:frappe-bench-redis-socketio              RUNNING   pid 1963136, uptime 3 days, 18:01:46
frappe-bench-web:frappe-bench-frappe-web                    RUNNING   pid 1962930, uptime 3 days, 18:03:07
frappe-bench-web:frappe-bench-node-socketio                 RUNNING   pid 1963137, uptime 3 days, 18:01:46
frappe-bench-workers:frappe-bench-frappe-default-worker-0   RUNNING   pid 1963125, uptime 3 days, 18:01:52
frappe-bench-workers:frappe-bench-frappe-long-worker-0      RUNNING   pid 1963119, uptime 3 days, 18:01:53
frappe-bench-workers:frappe-bench-frappe-schedule           RUNNING   pid 1962906, uptime 3 days, 18:03:08
frappe-bench-workers:frappe-bench-frappe-short-worker-0     RUNNING   pid 1963113, uptime 3 days, 18:01:54
frappe-bench-redis:frappe-bench-redis-cache                 RUNNING   pid 1963134, uptime 3 days, 18:03:46
frappe-bench-redis:frappe-bench-redis-queue                 RUNNING   pid 1963135, uptime 3 days, 18:03:46
frappe-bench-redis:frappe-bench-redis-socketio              RUNNING   pid 1963136, uptime 3 days, 18:03:46
frappe-bench-web:frappe-bench-frappe-web                    RUNNING   pid 1962930, uptime 3 days, 18:05:07
frappe-bench-web:frappe-bench-node-socketio                 RUNNING   pid 1963137, uptime 3 days, 18:03:46
frappe-bench-workers:frappe-bench-frappe-default-worker-0   RUNNING   pid 1963125, uptime 3 days, 18:03:52
frappe-bench-workers:frappe-bench-frappe-long-worker-0      RUNNING   pid 1963119, uptime 3 days, 18:03:53
frappe-bench-workers:frappe-bench-frappe-schedule           RUNNING   pid 1962906, uptime 3 days, 18:05:08
frappe-bench-workers:frappe-bench-frappe-short-worker-0     RUNNING   pid 1963113, uptime 3 days, 18:03:54
