-rw-r--r-- 1 root root 179M Oct 17 05:30 all_db_17_10_24-053001.sql.gz 17-10-2024 053001
-rw-r--r-- 1 root root    0 Oct 18 05:30 all_db_18_10_24-053001.sql.gz 18-10-2024 053001
-rw-r--r-- 1 root root 179M Oct 18 05:30 all_db_18_10_24-053001.sql.gz 18-10-2024 053001
-rw-r--r-- 1 root root    0 Oct 19 05:30 all_db_19_10_24-053001.sql.gz 19-10-2024 053001
-rw-r--r-- 1 root root 180M Oct 19 05:30 all_db_19_10_24-053001.sql.gz 19-10-2024 053001
-rw-r--r-- 1 root root    0 Oct 20 05:30 all_db_20_10_24-053001.sql.gz 20-10-2024 053001
-rw-r--r-- 1 root root 180M Oct 20 05:30 all_db_20_10_24-053001.sql.gz 20-10-2024 053001
-rw-r--r-- 1 root root    0 Oct 21 05:30 all_db_21_10_24-053001.sql.gz 21-10-2024 053001
-rw-r--r-- 1 root root 180M Oct 21 05:30 all_db_21_10_24-053001.sql.gz 21-10-2024 053001
-rw-r--r-- 1 root root    0 Oct 22 05:30 all_db_22_10_24-053001.sql.gz 22-10-2024 053001
-rw-r--r-- 1 root root 180M Oct 22 05:30 all_db_22_10_24-053001.sql.gz 22-10-2024 053001
-rw-r--r-- 1 root root    0 Oct 23 05:30 all_db_23_10_24-053001.sql.gz 23-10-2024 053001
-rw-r--r-- 1 root root 181M Oct 23 05:30 all_db_23_10_24-053001.sql.gz 23-10-2024 053001
-rw-r--r-- 1 root root    0 Oct 24 05:30 all_db_24_10_24-053001.sql.gz 24-10-2024 053001
-rw-r--r-- 1 root root 181M Oct 24 05:30 all_db_24_10_24-053001.sql.gz 24-10-2024 053001
-rw-r--r-- 1 root root    0 Oct 25 05:30 all_db_25_10_24-053001.sql.gz 25-10-2024 053001
-rw-r--r-- 1 root root 182M Oct 25 05:30 all_db_25_10_24-053001.sql.gz 25-10-2024 053001
-rw-r--r-- 1 root root    0 Oct 26 05:30 all_db_26_10_24-053001.sql.gz 26-10-2024 053001
-rw-r--r-- 1 root root 182M Oct 26 05:30 all_db_26_10_24-053001.sql.gz 26-10-2024 053001
-rw-r--r-- 1 root root    0 Oct 27 05:30 all_db_27_10_24-053001.sql.gz 27-10-2024 053001
-rw-r--r-- 1 root root 182M Oct 27 05:30 all_db_27_10_24-053001.sql.gz 27-10-2024 053001
-rw-r--r-- 1 root root    0 Oct 28 05:30 all_db_28_10_24-053001.sql.gz 28-10-2024 053001
-rw-r--r-- 1 root root 183M Oct 28 05:30 all_db_28_10_24-053001.sql.gz 28-10-2024 053001
-rw-r--r-- 1 root root    0 Oct 29 05:30 all_db_29_10_24-053001.sql.gz 29-10-2024 053001
-rw-r--r-- 1 root root 183M Oct 29 05:30 all_db_29_10_24-053001.sql.gz 29-10-2024 053001
-rw-r--r-- 1 root root    0 Oct 30 05:30 all_db_30_10_24-053001.sql.gz 30-10-2024 053001
-rw-r--r-- 1 root root 184M Oct 30 05:30 all_db_30_10_24-053001.sql.gz 30-10-2024 053001
-rw-r--r-- 1 root root    0 Oct 31 05:30 all_db_31_10_24-053001.sql.gz 31-10-2024 053001
-rw-r--r-- 1 root root 184M Oct 31 05:30 all_db_31_10_24-053001.sql.gz 31-10-2024 053001
-rw-r--r-- 1 root root    0 Nov  1 05:30 all_db_01_11_24-053001.sql.gz 01-11-2024 053001
-rw-r--r-- 1 root root 185M Nov  1 05:30 all_db_01_11_24-053001.sql.gz 01-11-2024 053001
-rw-r--r-- 1 root root    0 Nov  2 05:30 all_db_02_11_24-053001.sql.gz 02-11-2024 053001
-rw-r--r-- 1 root root 185M Nov  2 05:30 all_db_02_11_24-053001.sql.gz 02-11-2024 053001
-rw-r--r-- 1 root root    0 Nov  3 05:30 all_db_03_11_24-053001.sql.gz 03-11-2024 053001
-rw-r--r-- 1 root root 185M Nov  3 05:30 all_db_03_11_24-053001.sql.gz 03-11-2024 053001
-rw-r--r-- 1 root root    0 Nov  4 05:30 all_db_04_11_24-053001.sql.gz 04-11-2024 053001
-rw-r--r-- 1 root root 185M Nov  4 05:30 all_db_04_11_24-053001.sql.gz 04-11-2024 053001
-rw-r--r-- 1 root root    0 Nov  5 05:30 all_db_05_11_24-053001.sql.gz 05-11-2024 053001
-rw-r--r-- 1 root root 185M Nov  5 05:30 all_db_05_11_24-053001.sql.gz 05-11-2024 053001
-rw-r--r-- 1 root root    0 Nov  6 05:30 all_db_06_11_24-053001.sql.gz 06-11-2024 053001
-rw-r--r-- 1 root root 186M Nov  6 05:30 all_db_06_11_24-053001.sql.gz 06-11-2024 053001
-rw-r--r-- 1 root root    0 Nov  7 05:30 all_db_07_11_24-053001.sql.gz 07-11-2024 053001
-rw-r--r-- 1 root root 187M Nov  7 05:30 all_db_07_11_24-053001.sql.gz 07-11-2024 053001
-rw-r--r-- 1 root root    0 Nov  8 05:30 all_db_08_11_24-053001.sql.gz 08-11-2024 053001
-rw-r--r-- 1 root root 188M Nov  8 05:30 all_db_08_11_24-053001.sql.gz 08-11-2024 053001
-rw-r--r-- 1 root root    0 Nov  9 05:30 all_db_09_11_24-053001.sql.gz 09-11-2024 053001
-rw-r--r-- 1 root root 188M Nov  9 05:30 all_db_09_11_24-053001.sql.gz 09-11-2024 053001
-rw-r--r-- 1 root root    0 Nov 10 05:30 all_db_10_11_24-053001.sql.gz 10-11-2024 053001
-rw-r--r-- 1 root root 188M Nov 10 05:30 all_db_10_11_24-053001.sql.gz 10-11-2024 053001
-rw-r--r-- 1 root root    0 Nov 11 05:30 all_db_11_11_24-053001.sql.gz 11-11-2024 053001
-rw-r--r-- 1 root root 188M Nov 11 05:30 all_db_11_11_24-053001.sql.gz 11-11-2024 053001
-rw-r--r-- 1 root root    0 Nov 12 05:30 all_db_12_11_24-053001.sql.gz 12-11-2024 053001
-rw-r--r-- 1 root root 189M Nov 12 05:30 all_db_12_11_24-053001.sql.gz 12-11-2024 053001
-rw-r--r-- 1 root root    0 Nov 13 05:30 all_db_13_11_24-053001.sql.gz 13-11-2024 053001
-rw-r--r-- 1 root root 191M Nov 13 05:30 all_db_13_11_24-053001.sql.gz 13-11-2024 053001
-rw-r--r-- 1 root root    0 Nov 14 05:30 all_db_14_11_24-053001.sql.gz 14-11-2024 053001
-rw-r--r-- 1 root root 192M Nov 14 05:30 all_db_14_11_24-053001.sql.gz 14-11-2024 053001
-rw-r--r-- 1 root root    0 Nov 15 05:30 all_db_15_11_24-053001.sql.gz 15-11-2024 053001
-rw-r--r-- 1 root root 193M Nov 15 05:30 all_db_15_11_24-053001.sql.gz 15-11-2024 053001
-rw-r--r-- 1 root root    0 Nov 16 05:30 all_db_16_11_24-053001.sql.gz 16-11-2024 053001
-rw-r--r-- 1 root root 204M Nov 16 05:30 all_db_16_11_24-053001.sql.gz 16-11-2024 053001
-rw-r--r-- 1 root root    0 Nov 17 05:30 all_db_17_11_24-053001.sql.gz 17-11-2024 053001
-rw-r--r-- 1 root root 204M Nov 17 05:30 all_db_17_11_24-053001.sql.gz 17-11-2024 053001
-rw-r--r-- 1 root root    0 Nov 18 05:30 all_db_18_11_24-053001.sql.gz 18-11-2024 053001
-rw-r--r-- 1 root root 204M Nov 18 05:30 all_db_18_11_24-053001.sql.gz 18-11-2024 053001
-rw-r--r-- 1 root root    0 Nov 19 05:30 all_db_19_11_24-053001.sql.gz 19-11-2024 053001
-rw-r--r-- 1 root root 207M Nov 19 05:30 all_db_19_11_24-053001.sql.gz 19-11-2024 053001
-rw-r--r-- 1 root root    0 Nov 20 05:30 all_db_20_11_24-053001.sql.gz 20-11-2024 053001
-rw-r--r-- 1 root root 209M Nov 20 05:30 all_db_20_11_24-053001.sql.gz 20-11-2024 053001
-rw-r--r-- 1 root root    0 Nov 21 05:30 all_db_21_11_24-053001.sql.gz 21-11-2024 053001
-rw-r--r-- 1 root root 209M Nov 21 05:30 all_db_21_11_24-053001.sql.gz 21-11-2024 053001
-rw-r--r-- 1 root root    0 Nov 22 05:30 all_db_22_11_24-053001.sql.gz 22-11-2024 053001
-rw-r--r-- 1 root root 210M Nov 22 05:30 all_db_22_11_24-053001.sql.gz 22-11-2024 053001
-rw-r--r-- 1 root root    0 Nov 23 05:30 all_db_23_11_24-053001.sql.gz 23-11-2024 053001
-rw-r--r-- 1 root root 210M Nov 23 05:30 all_db_23_11_24-053001.sql.gz 23-11-2024 053001
-rw-r--r-- 1 root root    0 Nov 24 05:30 all_db_24_11_24-053001.sql.gz 24-11-2024 053001
-rw-r--r-- 1 root root 210M Nov 24 05:30 all_db_24_11_24-053001.sql.gz 24-11-2024 053001
-rw-r--r-- 1 root root    0 Nov 25 05:30 all_db_25_11_24-053001.sql.gz 25-11-2024 053001
-rw-r--r-- 1 root root 210M Nov 25 05:30 all_db_25_11_24-053001.sql.gz 25-11-2024 053001
-rw-r--r-- 1 root root    0 Nov 26 05:30 all_db_26_11_24-053001.sql.gz 26-11-2024 053001
-rw-r--r-- 1 root root 211M Nov 26 05:30 all_db_26_11_24-053001.sql.gz 26-11-2024 053001
